<?xml version="1.0" encoding="UTF-8"?>
<testsuites name="Test Web" time="18.086" tests="1" failures="0" errors="0">
   <testsuite name="Test Web" tests="1" failures="0" errors="0" time="18.086" timestamp="2020-07-06 14:40:34" hostname="WISDOMVAST - DESKTOP-LK4MLAB" id="Test Suites/Test Web">
      <properties>
         <property name="deviceName" value=""/>
         <property name="devicePlatform" value=""/>
         <property name="logFolder" value="C:\\Users\\WISDOMVAST\\git\\KatalonAIS_Karaoke\\Reports\\20200706_144001\\Test Web\\20200706_144001"/>
         <property name="logFiles" value="C:\\Users\\WISDOMVAST\\git\\KatalonAIS_Karaoke\\Reports\\20200706_144001\\Test Web\\20200706_144001\\execution0.log"/>
         <property name="attachments" value=""/>
         <property name="hostName" value="WISDOMVAST - DESKTOP-LK4MLAB"/>
         <property name="os" value="Windows 10 64bit"/>
         <property name="katalonVersion" value="7.5.5.1"/>
         <property name="browser" value="Chrome 83.0.4103.116"/>
         <property name="hostAddress" value="192.168.137.1"/>
         <property name="sessionId" value="aa84f377b5d389bf9a5fe2e8bd01c26c"/>
         <property name="seleniumVersion" value="3.141.59"/>
         <property name="proxyInformation" value="ProxyInformation { proxyOption=NO_PROXY, proxyServerType=HTTP, username=, password=********, proxyServerAddress=, proxyServerPort=0, executionList=\&quot;\&quot;, isApplyToDesiredCapabilities=false }"/>
         <property name="platform" value="Windows 10"/>
      </properties>
      <testcase name="Test Cases/New Test Case Web" time="17.43" classname="Test Cases/New Test Case Web" status="PASSED">
         <system-out><![CDATA[2020-07-06 14:40:35 - [TEST_CASE][PASSED] - Test Cases/New Test Case Web: Test Cases/New Test Case Web

2020-07-06 14:40:36 - [TEST_STEP][PASSED] - openBrowser(""): Browser is opened with url: ''

2020-07-06 14:40:36 - [MESSAGE][INFO] - Starting 'Chrome' driver

2020-07-06 14:40:36 - [MESSAGE][INFO] - Action delay is set to 0 milliseconds

2020-07-06 14:40:42 - [MESSAGE][PASSED] - Browser is opened with url: ''

2020-07-06 14:40:42 - [TEST_STEP][PASSED] - navigateToUrl("https://katalon-demo-cura.herokuapp.com/"): Navigate to 'https://katalon-demo-cura.herokuapp.com/' successfully

2020-07-06 14:40:46 - [MESSAGE][PASSED] - Navigate to 'https://katalon-demo-cura.herokuapp.com/' successfully

2020-07-06 14:40:46 - [TEST_STEP][PASSED] - click(findTestObject("Object Repository/Test Web/Page_CURA Healthcare Service/a_Make Appointment")): Object: 'Object Repository/Test Web/Page_CURA Healthcare Service/a_Make Appointment' is clicked on

2020-07-06 14:40:48 - [MESSAGE][PASSED] - Object: 'Object Repository/Test Web/Page_CURA Healthcare Service/a_Make Appointment' is clicked on

2020-07-06 14:40:48 - [TEST_STEP][PASSED] - setText(findTestObject("Object Repository/Test Web/Page_CURA Healthcare Service/input_Username_username"), "John Doe"): Text 'John Doe' is set on object 'Object Repository/Test Web/Page_CURA Healthcare Service/input_Username_username'

2020-07-06 14:40:49 - [MESSAGE][PASSED] - Text 'John Doe' is set on object 'Object Repository/Test Web/Page_CURA Healthcare Service/input_Username_username'

2020-07-06 14:40:49 - [TEST_STEP][PASSED] - setEncryptedText(findTestObject("Object Repository/Test Web/Page_CURA Healthcare Service/input_Password_password"), "g3/DOGG74jC3Flrr3yH+3D/yKbOqqUNM"): Text ****** has been set on object 'Object Repository/Test Web/Page_CURA Healthcare Service/input_Password_password'

2020-07-06 14:40:49 - [MESSAGE][PASSED] - Text ****** has been set on object 'Object Repository/Test Web/Page_CURA Healthcare Service/input_Password_password'

2020-07-06 14:40:49 - [TEST_STEP][PASSED] - click(findTestObject("Object Repository/Test Web/Page_CURA Healthcare Service/button_Login")): Object: 'Object Repository/Test Web/Page_CURA Healthcare Service/button_Login' is clicked on

2020-07-06 14:40:51 - [MESSAGE][PASSED] - Object: 'Object Repository/Test Web/Page_CURA Healthcare Service/button_Login' is clicked on

2020-07-06 14:40:51 - [TEST_STEP][PASSED] - closeBrowser(): Browser is closed

2020-07-06 14:40:52 - [MESSAGE][PASSED] - Browser is closed]]></system-out>
         <system-err><![CDATA[]]></system-err>
      </testcase>
      <system-out><![CDATA[2020-07-06 14:40:34 - [TEST_SUITE][PASSED] - Test Web: Test Cases/New Test Case Web]]></system-out>
      <system-err><![CDATA[]]></system-err>
   </testsuite>
</testsuites>
