<?xml version="1.0" encoding="UTF-8"?>
<testsuites name="Test Web" time="134.835" tests="2" failures="0" errors="0">
   <testsuite name="Test Web" tests="2" failures="0" errors="0" time="134.835" timestamp="2020-07-06 16:24:24" hostname="DESKTOP-LK4MLAB$ - DESKTOP-LK4MLAB" id="Test Suites/Test Web">
      <properties>
         <property name="deviceName" value=""/>
         <property name="devicePlatform" value=""/>
         <property name="logFolder" value="C:\\Users\\WISDOMVAST\\git\\KatalonAIS_Karaoke\\Reports\\20200706_162410\\Test Web\\20200706_162410"/>
         <property name="logFiles" value="C:\\Users\\WISDOMVAST\\git\\KatalonAIS_Karaoke\\Reports\\20200706_162410\\Test Web\\20200706_162410\\execution0.log"/>
         <property name="attachments" value=""/>
         <property name="hostName" value="DESKTOP-LK4MLAB$ - DESKTOP-LK4MLAB"/>
         <property name="os" value="Windows 10 64bit"/>
         <property name="katalonVersion" value="7.5.5.1"/>
         <property name="browser" value="Chrome 83.0.4103.116"/>
         <property name="hostAddress" value="192.168.137.1"/>
         <property name="sessionId" value="479315645099a7812e76443cbb2ddb9b"/>
         <property name="seleniumVersion" value="3.141.59"/>
         <property name="proxyInformation" value="ProxyInformation { proxyOption=NO_PROXY, proxyServerType=HTTP, username=, password=********, proxyServerAddress=, proxyServerPort=0, executionList=\&quot;\&quot;, isApplyToDesiredCapabilities=false }"/>
         <property name="platform" value="Windows 10"/>
      </properties>
      <testcase name="Test Cases/New Test Case Web" time="59.092" classname="Test Cases/New Test Case Web" status="PASSED">
         <system-out><![CDATA[2020-07-06 16:24:24 - [TEST_CASE][PASSED] - Test Cases/New Test Case Web: Test Cases/New Test Case Web

2020-07-06 16:24:25 - [TEST_STEP][PASSED] - openBrowser(""): Browser is opened with url: ''

2020-07-06 16:24:26 - [MESSAGE][INFO] - Starting 'Chrome' driver

2020-07-06 16:24:26 - [MESSAGE][INFO] - Action delay is set to 0 milliseconds

2020-07-06 16:24:33 - [MESSAGE][PASSED] - Browser is opened with url: ''

2020-07-06 16:24:33 - [TEST_STEP][PASSED] - navigateToUrl("https://katalon-demo-cura.herokuapp.com/"): Navigate to 'https://katalon-demo-cura.herokuapp.com/' successfully

2020-07-06 16:24:37 - [MESSAGE][PASSED] - Navigate to 'https://katalon-demo-cura.herokuapp.com/' successfully

2020-07-06 16:24:37 - [TEST_STEP][PASSED] - click(findTestObject("Object Repository/Test Web/Page_CURA Healthcare Service/a_Make Appointment")): Object: 'Object Repository/Test Web/Page_CURA Healthcare Service/a_Make Appointment' is clicked on

2020-07-06 16:24:53 - [MESSAGE][PASSED] - Object: 'Object Repository/Test Web/Page_CURA Healthcare Service/a_Make Appointment' is clicked on

2020-07-06 16:24:53 - [TEST_STEP][PASSED] - setText(findTestObject("Object Repository/Test Web/Page_CURA Healthcare Service/input_Username_username"), "John Doe"): Text 'John Doe' is set on object 'Object Repository/Test Web/Page_CURA Healthcare Service/input_Username_username'

2020-07-06 16:25:04 - [MESSAGE][PASSED] - Text 'John Doe' is set on object 'Object Repository/Test Web/Page_CURA Healthcare Service/input_Username_username'

2020-07-06 16:25:04 - [TEST_STEP][PASSED] - setEncryptedText(findTestObject("Object Repository/Test Web/Page_CURA Healthcare Service/input_Password_password"), "g3/DOGG74jC3Flrr3yH+3D/yKbOqqUNM"): Text ****** has been set on object 'Object Repository/Test Web/Page_CURA Healthcare Service/input_Password_password'

2020-07-06 16:25:12 - [MESSAGE][PASSED] - Text ****** has been set on object 'Object Repository/Test Web/Page_CURA Healthcare Service/input_Password_password'

2020-07-06 16:25:12 - [TEST_STEP][PASSED] - click(findTestObject("Object Repository/Test Web/Page_CURA Healthcare Service/button_Login")): Object: 'Object Repository/Test Web/Page_CURA Healthcare Service/button_Login' is clicked on

2020-07-06 16:25:23 - [MESSAGE][PASSED] - Object: 'Object Repository/Test Web/Page_CURA Healthcare Service/button_Login' is clicked on

2020-07-06 16:25:23 - [TEST_STEP][PASSED] - closeBrowser(): Browser is closed

2020-07-06 16:25:23 - [MESSAGE][PASSED] - Browser is closed]]></system-out>
         <system-err><![CDATA[]]></system-err>
      </testcase>
      <testcase name="Test Cases/New Test Case Web 2" time="75.029" classname="Test Cases/New Test Case Web 2" status="PASSED">
         <system-out><![CDATA[2020-07-06 16:25:23 - [TEST_CASE][PASSED] - Test Cases/New Test Case Web 2: Test Cases/New Test Case Web 2

2020-07-06 16:25:24 - [TEST_STEP][PASSED] - openBrowser(""): Browser is opened with url: ''

2020-07-06 16:25:24 - [MESSAGE][INFO] - Starting 'Chrome' driver

2020-07-06 16:25:24 - [MESSAGE][INFO] - Action delay is set to 0 milliseconds

2020-07-06 16:25:28 - [MESSAGE][PASSED] - Browser is opened with url: ''

2020-07-06 16:25:28 - [TEST_STEP][PASSED] - navigateToUrl("https://www.facebook.com/"): Navigate to 'https://www.facebook.com/' successfully

2020-07-06 16:25:33 - [MESSAGE][PASSED] - Navigate to 'https://www.facebook.com/' successfully

2020-07-06 16:25:33 - [TEST_STEP][PASSED] - setText(findTestObject("Object Repository/Test Web/Page_Facebook -/input_ Facebook _firstname"), "abc"): Text 'abc' is set on object 'Object Repository/Test Web/Page_Facebook -/input_ Facebook _firstname'

2020-07-06 16:25:48 - [MESSAGE][PASSED] - Text 'abc' is set on object 'Object Repository/Test Web/Page_Facebook -/input_ Facebook _firstname'

2020-07-06 16:25:48 - [TEST_STEP][PASSED] - setText(findTestObject("Object Repository/Test Web/Page_Facebook -/input_ Facebook _lastname"), "def"): Text 'def' is set on object 'Object Repository/Test Web/Page_Facebook -/input_ Facebook _lastname'

2020-07-06 16:25:50 - [MESSAGE][PASSED] - Text 'def' is set on object 'Object Repository/Test Web/Page_Facebook -/input_ Facebook _lastname'

2020-07-06 16:25:50 - [TEST_STEP][PASSED] - setText(findTestObject("Object Repository/Test Web/Page_Facebook -/input_ Facebook _reg_email__"), "1234567890"): Text '1234567890' is set on object 'Object Repository/Test Web/Page_Facebook -/input_ Facebook _reg_email__'

2020-07-06 16:25:50 - [MESSAGE][PASSED] - Text '1234567890' is set on object 'Object Repository/Test Web/Page_Facebook -/input_ Facebook _reg_email__'

2020-07-06 16:25:50 - [TEST_STEP][PASSED] - setEncryptedText(findTestObject("Object Repository/Test Web/Page_Facebook -/input_ Facebook _reg_passwd__"), "RigbBhfdqOBDK95asqKeHw=="): Text ****** has been set on object 'Object Repository/Test Web/Page_Facebook -/input_ Facebook _reg_passwd__'

2020-07-06 16:25:51 - [MESSAGE][PASSED] - Text ****** has been set on object 'Object Repository/Test Web/Page_Facebook -/input_ Facebook _reg_passwd__'

2020-07-06 16:25:51 - [TEST_STEP][PASSED] - click(findTestObject("Object Repository/Test Web/Page_Facebook -/input__sex")): Object: 'Object Repository/Test Web/Page_Facebook -/input__sex' is clicked on

2020-07-06 16:26:35 - [MESSAGE][INFO] - Unable to find the element located by 'By.xpath: //input[@id='u_0_7']'. Please recheck the objects properties to make sure the desired element is located. 

2020-07-06 16:26:35 - [MESSAGE][INFO] - [SMART_XPATH] Auto-trying out other XPath values in the test object.

2020-07-06 16:26:36 - [MESSAGE][INFO] - [SMART_XPATH] FAILED XPATH: '//input[@id='u_0_7']'.

2020-07-06 16:26:36 - [MESSAGE][INFO] - [SMART_XPATH] WORKING XPATH: '//span[@id='u_0_z']/span[2]/input'.

2020-07-06 16:26:36 - [MESSAGE][INFO] - [SMART_XPATH] Screenshot: C:/Users/WISDOMVAST/git/KatalonAIS_Karaoke/Reports/smart_xpath/Object Repository/Test Web/Page_Facebook -/input__sex_idRelative.png

2020-07-06 16:26:37 - [MESSAGE][INFO] - [SMART_XPATH] WORKING XPATH: '//span[2]/input'.

2020-07-06 16:26:37 - [MESSAGE][INFO] - [SMART_XPATH] Screenshot: C:/Users/WISDOMVAST/git/KatalonAIS_Karaoke/Reports/smart_xpath/Object Repository/Test Web/Page_Facebook -/input__sex_position.png

2020-07-06 16:26:37 - [MESSAGE][INFO] - [SMART_XPATH] Selected Smart XPath: '//span[@id='u_0_z']/span[2]/input'.

2020-07-06 16:26:37 - [MESSAGE][INFO] - [SMART_XPATH] Continuing executing the test case!

2020-07-06 16:26:37 - [MESSAGE][PASSED] - Object: 'Object Repository/Test Web/Page_Facebook -/input__sex' is clicked on

2020-07-06 16:26:37 - [TEST_STEP][PASSED] - closeBrowser(): Browser is closed

2020-07-06 16:26:38 - [MESSAGE][PASSED] - Browser is closed]]></system-out>
         <system-err><![CDATA[]]></system-err>
      </testcase>
      <system-out><![CDATA[2020-07-06 16:24:24 - [TEST_SUITE][PASSED] - Test Web: Test Cases/New Test Case Web 2]]></system-out>
      <system-err><![CDATA[]]></system-err>
   </testsuite>
</testsuites>
