<?xml version="1.0" encoding="UTF-8"?>
<testsuites name="Test Web" time="76.248" tests="3" failures="0" errors="0">
   <testsuite name="Test Web" tests="3" failures="0" errors="0" time="76.248" timestamp="2020-07-08 11:53:46" hostname="DESKTOP-LK4MLAB$ - DESKTOP-LK4MLAB" id="Test Suites/Test Web">
      <properties>
         <property name="deviceName" value=""/>
         <property name="devicePlatform" value=""/>
         <property name="logFolder" value="C:\\Users\\WISDOMVAST\\git\\KatalonAIS_Karaoke\\Reports\\20200708_115333\\Test Web\\20200708_115333"/>
         <property name="logFiles" value="C:\\Users\\WISDOMVAST\\git\\KatalonAIS_Karaoke\\Reports\\20200708_115333\\Test Web\\20200708_115333\\execution0.log"/>
         <property name="attachments" value=""/>
         <property name="hostName" value="DESKTOP-LK4MLAB$ - DESKTOP-LK4MLAB"/>
         <property name="os" value="Windows 10 64bit"/>
         <property name="katalonVersion" value="7.5.5.1"/>
         <property name="browser" value="Chrome 83.0.4103.116"/>
         <property name="hostAddress" value="192.168.56.1"/>
         <property name="sessionId" value="e9b136e4b12bf43460ca83b7bac26074"/>
         <property name="seleniumVersion" value="3.141.59"/>
         <property name="proxyInformation" value="ProxyInformation { proxyOption=NO_PROXY, proxyServerType=HTTP, username=, password=********, proxyServerAddress=, proxyServerPort=0, executionList=\&quot;\&quot;, isApplyToDesiredCapabilities=false }"/>
         <property name="platform" value="Windows 10"/>
      </properties>
      <testcase name="Test Cases/New Test Case Web" time="29.912" classname="Test Cases/New Test Case Web" status="PASSED">
         <system-out><![CDATA[2020-07-08 11:53:47 - [TEST_CASE][PASSED] - Test Cases/New Test Case Web: Test Cases/New Test Case Web

2020-07-08 11:53:48 - [TEST_STEP][PASSED] - openBrowser(""): Browser is opened with url: ''

2020-07-08 11:53:49 - [MESSAGE][INFO] - Starting 'Chrome' driver

2020-07-08 11:53:49 - [MESSAGE][INFO] - Action delay is set to 0 milliseconds

2020-07-08 11:53:59 - [MESSAGE][PASSED] - Browser is opened with url: ''

2020-07-08 11:53:59 - [TEST_STEP][PASSED] - navigateToUrl("https://katalon-demo-cura.herokuapp.com/"): Navigate to 'https://katalon-demo-cura.herokuapp.com/' successfully

2020-07-08 11:54:08 - [MESSAGE][PASSED] - Navigate to 'https://katalon-demo-cura.herokuapp.com/' successfully

2020-07-08 11:54:08 - [TEST_STEP][PASSED] - click(findTestObject("Object Repository/Test Web/Page_CURA Healthcare Service/a_Make Appointment")): Object: 'Object Repository/Test Web/Page_CURA Healthcare Service/a_Make Appointment' is clicked on

2020-07-08 11:54:10 - [MESSAGE][PASSED] - Object: 'Object Repository/Test Web/Page_CURA Healthcare Service/a_Make Appointment' is clicked on

2020-07-08 11:54:10 - [TEST_STEP][PASSED] - setText(findTestObject("Object Repository/Test Web/Page_CURA Healthcare Service/input_Username_username"), "John Doe"): Text 'John Doe' is set on object 'Object Repository/Test Web/Page_CURA Healthcare Service/input_Username_username'

2020-07-08 11:54:11 - [MESSAGE][PASSED] - Text 'John Doe' is set on object 'Object Repository/Test Web/Page_CURA Healthcare Service/input_Username_username'

2020-07-08 11:54:11 - [TEST_STEP][PASSED] - setEncryptedText(findTestObject("Object Repository/Test Web/Page_CURA Healthcare Service/input_Password_password"), "g3/DOGG74jC3Flrr3yH+3D/yKbOqqUNM"): Text ****** has been set on object 'Object Repository/Test Web/Page_CURA Healthcare Service/input_Password_password'

2020-07-08 11:54:12 - [MESSAGE][PASSED] - Text ****** has been set on object 'Object Repository/Test Web/Page_CURA Healthcare Service/input_Password_password'

2020-07-08 11:54:12 - [TEST_STEP][PASSED] - click(findTestObject("Object Repository/Test Web/Page_CURA Healthcare Service/button_Login")): Object: 'Object Repository/Test Web/Page_CURA Healthcare Service/button_Login' is clicked on

2020-07-08 11:54:14 - [MESSAGE][PASSED] - Object: 'Object Repository/Test Web/Page_CURA Healthcare Service/button_Login' is clicked on

2020-07-08 11:54:14 - [TEST_STEP][PASSED] - closeBrowser(): Browser is closed

2020-07-08 11:54:17 - [MESSAGE][PASSED] - Browser is closed]]></system-out>
         <system-err><![CDATA[]]></system-err>
      </testcase>
      <testcase name="Test Cases/New Test Case Web 2" time="33.702" classname="Test Cases/New Test Case Web 2" status="PASSED">
         <system-out><![CDATA[2020-07-08 11:54:17 - [TEST_CASE][PASSED] - Test Cases/New Test Case Web 2: Test Cases/New Test Case Web 2

2020-07-08 11:54:17 - [TEST_STEP][PASSED] - openBrowser(""): Browser is opened with url: ''

2020-07-08 11:54:17 - [MESSAGE][INFO] - Starting 'Chrome' driver

2020-07-08 11:54:17 - [MESSAGE][INFO] - Action delay is set to 0 milliseconds

2020-07-08 11:54:23 - [MESSAGE][PASSED] - Browser is opened with url: ''

2020-07-08 11:54:23 - [TEST_STEP][PASSED] - navigateToUrl("https://www.facebook.com/"): Navigate to 'https://www.facebook.com/' successfully

2020-07-08 11:54:31 - [MESSAGE][PASSED] - Navigate to 'https://www.facebook.com/' successfully

2020-07-08 11:54:31 - [TEST_STEP][PASSED] - setText(findTestObject("Object Repository/Test Web/Page_Facebook -/input_ Facebook _firstname"), "abc"): Text 'abc' is set on object 'Object Repository/Test Web/Page_Facebook -/input_ Facebook _firstname'

2020-07-08 11:54:45 - [MESSAGE][PASSED] - Text 'abc' is set on object 'Object Repository/Test Web/Page_Facebook -/input_ Facebook _firstname'

2020-07-08 11:54:45 - [TEST_STEP][PASSED] - setText(findTestObject("Object Repository/Test Web/Page_Facebook -/input_ Facebook _lastname"), "def"): Text 'def' is set on object 'Object Repository/Test Web/Page_Facebook -/input_ Facebook _lastname'

2020-07-08 11:54:47 - [MESSAGE][PASSED] - Text 'def' is set on object 'Object Repository/Test Web/Page_Facebook -/input_ Facebook _lastname'

2020-07-08 11:54:47 - [TEST_STEP][PASSED] - setText(findTestObject("Object Repository/Test Web/Page_Facebook -/input_ Facebook _reg_email__"), "1234567890"): Text '1234567890' is set on object 'Object Repository/Test Web/Page_Facebook -/input_ Facebook _reg_email__'

2020-07-08 11:54:48 - [MESSAGE][PASSED] - Text '1234567890' is set on object 'Object Repository/Test Web/Page_Facebook -/input_ Facebook _reg_email__'

2020-07-08 11:54:48 - [TEST_STEP][PASSED] - setEncryptedText(findTestObject("Object Repository/Test Web/Page_Facebook -/input_ Facebook _reg_passwd__"), "RigbBhfdqOBDK95asqKeHw=="): Text ****** has been set on object 'Object Repository/Test Web/Page_Facebook -/input_ Facebook _reg_passwd__'

2020-07-08 11:54:49 - [MESSAGE][PASSED] - Text ****** has been set on object 'Object Repository/Test Web/Page_Facebook -/input_ Facebook _reg_passwd__'

2020-07-08 11:54:49 - [TEST_STEP][PASSED] - click(findTestObject("Object Repository/Test Web/Page_Facebook -/input__sex")): Object: 'Object Repository/Test Web/Page_Facebook -/input__sex' is clicked on

2020-07-08 11:54:50 - [MESSAGE][PASSED] - Object: 'Object Repository/Test Web/Page_Facebook -/input__sex' is clicked on

2020-07-08 11:54:50 - [TEST_STEP][PASSED] - closeBrowser(): Browser is closed

2020-07-08 11:54:51 - [MESSAGE][PASSED] - Browser is closed]]></system-out>
         <system-err><![CDATA[]]></system-err>
      </testcase>
      <testcase name="Test Cases/New Test Case Web 3" time="11.712" classname="Test Cases/New Test Case Web 3" status="PASSED">
         <system-out><![CDATA[2020-07-08 11:54:51 - [TEST_CASE][PASSED] - Test Cases/New Test Case Web 3: Test Cases/New Test Case Web 3

2020-07-08 11:54:51 - [TEST_STEP][PASSED] - openBrowser(""): Browser is opened with url: ''

2020-07-08 11:54:51 - [MESSAGE][INFO] - Starting 'Chrome' driver

2020-07-08 11:54:51 - [MESSAGE][INFO] - Action delay is set to 0 milliseconds

2020-07-08 11:54:57 - [MESSAGE][PASSED] - Browser is opened with url: ''

2020-07-08 11:54:57 - [TEST_STEP][PASSED] - navigateToUrl("https://www.google.com/?gws_rd=ssl"): Navigate to 'https://www.google.com/?gws_rd=ssl' successfully

2020-07-08 11:55:00 - [MESSAGE][PASSED] - Navigate to 'https://www.google.com/?gws_rd=ssl' successfully

2020-07-08 11:55:00 - [TEST_STEP][PASSED] - setText(findTestObject("Object Repository/Test Web/Page_Google/input__q"), "whachiragorn tongcote"): Text 'whachiragorn tongcote' is set on object 'Object Repository/Test Web/Page_Google/input__q'

2020-07-08 11:55:01 - [MESSAGE][PASSED] - Text 'whachiragorn tongcote' is set on object 'Object Repository/Test Web/Page_Google/input__q'

2020-07-08 11:55:01 - [TEST_STEP][PASSED] - closeBrowser(): Browser is closed

2020-07-08 11:55:02 - [MESSAGE][PASSED] - Browser is closed]]></system-out>
         <system-err><![CDATA[]]></system-err>
      </testcase>
      <system-out><![CDATA[2020-07-08 11:53:46 - [TEST_SUITE][PASSED] - Test Web: Test Cases/New Test Case Web 3]]></system-out>
      <system-err><![CDATA[]]></system-err>
   </testsuite>
</testsuites>
